SF:lib\src\crypt\algorithms\aes_core.dart
DA:68,12
DA:71,10
DA:72,12
DA:73,14
DA:74,12
DA:80,10
DA:82,2
DA:83,10
DA:84,10
DA:85,10
DA:86,4
DA:97,2
DA:98,10
DA:101,4
DA:102,2
DA:103,4
DA:104,2
DA:107,4
DA:108,10
DA:109,10
DA:110,10
DA:111,6
DA:114,4
DA:115,4
DA:116,4
DA:117,14
DA:118,6
DA:119,2
DA:121,8
DA:125,4
DA:126,4
DA:127,10
DA:128,12
DA:129,12
DA:130,10
DA:136,2
DA:137,6
DA:143,2
DA:144,2
DA:145,4
DA:146,8
DA:150,2
DA:151,4
DA:152,6
DA:156,2
DA:157,4
DA:158,6
DA:162,2
DA:164,16
DA:166,8
DA:167,8
DA:169,16
DA:172,2
DA:174,16
DA:176,8
DA:177,8
DA:179,16
DA:182,2
DA:183,4
DA:184,2
DA:185,14
DA:186,8
DA:187,10
DA:188,12
DA:189,12
DA:190,12
DA:194,2
DA:195,4
DA:196,2
DA:197,14
DA:198,16
DA:199,18
DA:200,18
DA:201,18
DA:212,2
DA:213,6
DA:214,2
DA:215,2
DA:217,2
DA:218,4
DA:219,2
DA:220,2
DA:221,2
DA:222,2
DA:225,2
DA:226,2
DA:227,2
DA:234,2
DA:235,6
DA:236,2
DA:237,2
DA:239,2
DA:240,6
DA:241,2
DA:242,2
DA:243,2
DA:244,2
DA:247,2
DA:248,2
DA:249,2
LF:100
LH:100
end_of_record
SF:lib\src\crypt\algorithms\aes_gcm.dart
DA:37,1
DA:44,1
DA:45,1
DA:46,2
DA:47,2
DA:48,1
DA:49,2
DA:50,1
DA:52,1
DA:54,1
DA:55,1
DA:57,1
DA:58,1
DA:65,1
DA:66,1
DA:67,2
DA:68,2
DA:69,1
DA:71,2
DA:72,2
DA:76,3
DA:83,1
DA:84,6
DA:85,1
DA:88,3
DA:89,1
DA:94,1
DA:95,1
DA:96,2
DA:97,1
DA:102,1
DA:103,1
DA:104,1
DA:105,2
DA:106,2
DA:116,1
DA:117,2
DA:118,2
DA:119,1
DA:122,2
DA:123,1
DA:124,3
DA:125,2
DA:126,6
DA:128,1
DA:131,1
DA:132,2
DA:133,2
DA:143,1
DA:144,2
DA:145,1
DA:146,1
DA:147,2
DA:148,4
DA:158,1
DA:159,1
DA:160,1
DA:164,2
DA:165,2
DA:168,2
DA:169,2
DA:170,2
DA:173,1
DA:174,1
DA:175,3
DA:176,3
DA:178,2
DA:179,2
DA:180,1
DA:181,2
DA:183,1
DA:184,1
DA:185,1
DA:190,1
DA:195,1
DA:198,1
DA:199,2
DA:200,1
DA:201,2
DA:202,3
DA:205,2
DA:206,2
DA:208,1
DA:209,2
DA:210,1
DA:212,1
DA:224,1
DA:228,2
DA:229,1
DA:230,2
DA:231,3
DA:232,1
DA:233,1
DA:236,1
DA:237,3
DA:238,1
DA:240,1
DA:241,1
DA:245,1
DA:252,1
DA:253,4
DA:254,5
DA:255,5
DA:256,5
DA:257,5
DA:258,5
DA:259,5
DA:260,3
DA:262,1
DA:263,3
DA:264,4
DA:265,4
DA:266,4
DA:267,4
DA:268,4
DA:269,4
DA:270,3
DA:273,1
DA:274,3
DA:276,3
DA:277,4
DA:279,1
LF:122
LH:122
end_of_record
SF:lib\src\crypt\models\crypt_exception.dart
DA:8,5
DA:10,0
DA:11,0
LF:3
LH:1
end_of_record
SF:lib\src\crypt\models\encrypted_payload.dart
DA:132,3
DA:139,1
DA:140,1
DA:150,6
DA:151,6
DA:152,6
DA:153,6
DA:154,6
DA:155,6
DA:156,6
DA:166,3
DA:167,3
DA:168,3
DA:169,3
DA:171,6
DA:172,6
DA:173,6
DA:174,6
DA:175,6
DA:190,10
DA:197,2
DA:198,6
DA:199,2
DA:202,0
DA:203,0
DA:204,0
DA:205,0
DA:206,0
LF:28
LH:23
end_of_record
SF:lib\src\crypt\models\crypt_algorithm.dart
DA:38,6
DA:39,9
DA:40,0
DA:41,0
LF:4
LH:2
end_of_record
SF:lib\src\crypt\algorithms\aes_cbc.dart
DA:34,1
DA:39,1
DA:40,1
DA:41,2
DA:42,1
DA:43,2
DA:44,1
DA:46,3
DA:48,1
DA:49,2
DA:50,5
DA:52,1
DA:53,2
DA:57,1
DA:60,1
DA:61,1
DA:69,1
DA:70,1
DA:71,2
DA:72,1
DA:74,4
DA:79,2
DA:80,1
DA:82,3
DA:83,2
DA:84,1
DA:85,2
DA:86,5
DA:91,1
DA:98,1
DA:99,6
DA:100,1
DA:103,3
DA:104,1
DA:111,1
DA:112,3
DA:113,3
DA:114,3
DA:115,2
DA:117,3
DA:124,1
DA:125,1
DA:128,1
DA:129,4
DA:134,5
DA:135,3
DA:137,1
DA:140,3
LF:48
LH:48
end_of_record
SF:lib\src\crypt\algorithms\aes_ctr.dart
DA:43,1
DA:51,1
DA:52,1
DA:53,1
DA:55,2
DA:56,1
DA:57,1
DA:66,1
DA:67,1
DA:68,2
DA:69,1
DA:70,2
DA:72,2
DA:79,1
DA:80,6
DA:81,1
DA:84,3
DA:85,1
DA:93,1
DA:94,2
DA:95,2
DA:96,2
DA:97,2
DA:100,2
DA:101,1
DA:102,3
DA:103,2
DA:104,6
DA:106,1
DA:111,2
DA:112,2
DA:113,2
LF:32
LH:32
end_of_record
SF:lib\src\cnpj\cnpj_alfanumerico.dart
DA:24,0
DA:26,18
DA:27,18
DA:31,18
DA:32,18
DA:35,12
DA:36,8
DA:45,12
DA:52,6
DA:56,24
DA:57,24
DA:58,12
DA:61,6
DA:62,12
DA:70,6
DA:71,18
DA:81,6
DA:82,6
DA:83,12
DA:85,6
DA:87,12
DA:90,12
DA:93,18
DA:95,12
DA:96,18
DA:98,12
DA:99,18
DA:107,1
DA:108,1
DA:109,2
DA:110,1
DA:116,4
DA:117,2
DA:125,2
DA:129,2
DA:133,2
DA:135,12
DA:136,2
DA:137,4
DA:139,2
DA:140,4
DA:141,2
DA:143,1
LF:43
LH:42
end_of_record
SF:lib\src\br_formatter\br_formatter.dart
DA:10,0
DA:14,6
DA:15,3
DA:16,6
DA:23,6
DA:28,2
DA:29,2
DA:30,4
DA:31,1
DA:37,6
DA:38,4
DA:44,1
DA:45,1
DA:50,3
DA:51,3
DA:55,2
DA:56,4
DA:58,2
DA:59,2
DA:63,2
DA:64,4
DA:66,2
DA:67,2
DA:69,1
DA:70,1
DA:80,6
DA:87,2
DA:88,2
DA:89,4
DA:90,1
DA:96,6
DA:97,6
DA:106,1
DA:107,1
DA:108,3
DA:113,2
DA:114,4
DA:116,1
DA:117,3
DA:122,2
DA:123,4
DA:125,1
DA:126,3
DA:128,1
DA:129,1
DA:137,3
DA:142,1
DA:143,1
DA:144,2
DA:145,1
DA:151,3
DA:159,6
DA:164,1
DA:165,1
DA:166,3
DA:176,2
DA:177,2
DA:179,4
DA:181,6
DA:182,5
DA:185,2
DA:187,3
DA:188,4
DA:191,1
DA:214,2
DA:219,2
DA:220,2
DA:221,2
DA:222,4
DA:225,2
DA:226,6
DA:227,10
DA:228,4
DA:231,7
DA:232,2
DA:238,1
DA:239,3
DA:246,2
DA:248,4
DA:249,2
DA:250,2
DA:251,2
DA:252,2
DA:262,1
DA:263,2
DA:264,1
DA:265,3
DA:266,5
DA:267,2
DA:269,3
LF:90
LH:89
end_of_record
SF:lib\src\br_formatter\br_data.dart
DA:6,0
DA:15,1
DA:16,6
DA:19,5
DA:22,1
DA:23,5
DA:26,1
DA:27,7
DA:30,1
DA:31,5
DA:41,1
DA:42,1
DA:43,2
DA:44,2
DA:46,2
DA:47,2
DA:48,2
DA:49,1
DA:50,1
DA:56,1
DA:57,1
DA:58,2
DA:59,1
DA:60,1
DA:62,2
DA:63,2
DA:64,2
DA:65,0
DA:67,1
DA:68,1
DA:69,1
DA:70,1
DA:71,2
DA:72,2
DA:83,2
DA:85,2
DA:86,4
DA:87,4
DA:88,4
DA:89,4
DA:90,4
DA:91,6
DA:102,3
DA:104,2
DA:105,2
DA:106,10
DA:110,2
DA:113,1
DA:114,2
DA:115,2
DA:117,3
DA:118,2
LF:52
LH:50
end_of_record
SF:lib\src\masks\br_input_mask.dart
DA:20,0
DA:25,39
DA:28,6
DA:33,39
DA:36,2
DA:37,6
DA:43,28
DA:45,28
LF:8
LH:7
end_of_record
SF:lib\src\masks\cpf_mask.dart
DA:23,0
DA:28,1
DA:33,2
DA:34,1
DA:36,3
DA:37,2
DA:38,3
DA:39,2
DA:40,2
DA:43,2
LF:10
LH:9
end_of_record
SF:lib\src\masks\cnpj_mask.dart
DA:24,0
DA:29,1
DA:34,2
DA:35,1
DA:37,3
DA:38,2
DA:39,3
DA:40,2
DA:41,2
DA:42,2
DA:45,2
LF:11
LH:10
end_of_record
SF:lib\src\masks\cnpj_alfa_mask.dart
DA:30,0
DA:35,1
DA:40,2
DA:41,1
DA:43,3
DA:44,2
DA:45,3
DA:46,2
DA:47,2
DA:48,2
DA:51,2
LF:11
LH:10
end_of_record
SF:lib\src\masks\phone_mask.dart
DA:27,0
DA:32,1
DA:37,2
DA:40,2
DA:46,1
DA:47,3
DA:49,2
DA:50,2
DA:51,2
DA:52,2
DA:53,2
DA:56,2
LF:12
LH:11
end_of_record
SF:lib\src\masks\cep_mask.dart
DA:22,0
DA:27,1
DA:32,2
DA:33,1
DA:35,3
DA:36,2
DA:37,2
DA:38,2
DA:41,2
LF:9
LH:8
end_of_record
SF:lib\src\masks\date_mask.dart
DA:25,0
DA:30,1
DA:35,2
DA:36,1
DA:38,3
DA:39,2
DA:40,3
DA:41,2
DA:44,2
LF:9
LH:8
end_of_record
SF:lib\src\masks\time_mask.dart
DA:23,0
DA:28,1
DA:33,2
DA:34,1
DA:36,3
DA:37,2
DA:38,2
DA:39,2
DA:42,2
LF:9
LH:8
end_of_record
SF:lib\src\masks\currency_mask.dart
DA:32,0
DA:37,2
DA:42,4
DA:43,3
DA:46,7
DA:49,2
DA:52,6
DA:53,6
DA:56,4
DA:57,2
DA:59,6
DA:63,2
DA:64,4
DA:65,1
DA:66,2
DA:67,3
DA:68,3
DA:69,2
DA:70,3
DA:72,1
LF:20
LH:19
end_of_record
SF:lib\src\masks\card_mask.dart
DA:23,0
DA:28,1
DA:33,2
DA:34,1
DA:36,3
DA:37,2
DA:38,4
DA:39,2
DA:42,2
LF:9
LH:8
end_of_record
SF:lib\src\masks\card_expiry_mask.dart
DA:23,0
DA:28,2
DA:33,4
DA:34,4
DA:35,2
DA:37,6
DA:38,4
DA:39,4
DA:40,4
DA:43,4
LF:10
LH:9
end_of_record
SF:lib\src\masks\expiry_mask.dart
DA:31,0
DA:36,1
DA:41,2
DA:42,2
DA:43,1
DA:45,3
DA:46,2
DA:47,2
DA:48,2
DA:51,2
LF:10
LH:9
end_of_record
SF:lib\src\masks\cpf_ou_cnpj_mask.dart
DA:23,0
DA:28,1
DA:33,2
DA:34,3
DA:35,1
DA:38,1
DA:39,1
DA:40,3
DA:41,2
DA:42,3
DA:43,2
DA:44,2
DA:46,2
DA:49,1
DA:50,1
DA:51,3
DA:52,2
DA:53,3
DA:54,2
DA:55,2
DA:56,2
DA:58,2
LF:22
LH:21
end_of_record
SF:lib\src\masks\placa_mask.dart
DA:28,0
DA:33,1
DA:38,2
DA:39,1
DA:40,3
DA:41,2
DA:42,2
DA:43,2
DA:45,2
LF:9
LH:8
end_of_record
SF:lib\src\masks\km_mask.dart
DA:25,0
DA:30,3
DA:32,1
DA:37,2
DA:38,2
DA:40,3
DA:41,2
DA:42,1
DA:44,2
DA:47,1
DA:48,2
DA:49,1
DA:50,2
DA:51,3
DA:52,3
DA:53,2
DA:54,3
DA:56,1
LF:18
LH:17
end_of_record
SF:lib\src\masks\centavos_mask.dart
DA:27,0
DA:31,1
DA:36,2
DA:37,2
DA:39,5
DA:40,1
DA:41,3
DA:42,3
DA:43,2
DA:44,1
DA:46,3
DA:49,1
DA:50,2
DA:51,1
DA:52,2
DA:53,3
DA:54,3
DA:55,2
DA:56,3
DA:58,1
LF:20
LH:19
end_of_record
SF:lib\src\masks\ncm_mask.dart
DA:24,0
DA:28,1
DA:33,2
DA:34,1
DA:36,3
DA:37,2
DA:38,3
DA:39,2
DA:42,2
LF:9
LH:8
end_of_record
SF:lib\src\masks\cns_mask.dart
DA:24,0
DA:28,1
DA:33,2
DA:34,1
DA:36,3
DA:37,2
DA:38,4
DA:39,2
DA:42,2
LF:9
LH:8
end_of_record
SF:lib\src\masks\altura_mask.dart
DA:25,0
DA:29,1
DA:34,2
DA:35,2
DA:37,3
DA:38,3
DA:40,4
LF:7
LH:6
end_of_record
SF:lib\src\masks\peso_mask.dart
DA:25,0
DA:29,1
DA:34,2
DA:35,2
DA:37,3
DA:38,3
DA:40,4
LF:7
LH:6
end_of_record
SF:lib\src\masks\temperatura_mask.dart
DA:25,0
DA:29,1
DA:34,2
DA:35,2
DA:37,3
DA:38,3
DA:40,4
LF:7
LH:6
end_of_record
SF:lib\src\masks\cest_mask.dart
DA:24,0
DA:28,1
DA:33,2
DA:34,2
DA:36,1
DA:37,3
DA:38,2
DA:39,3
DA:40,2
DA:42,2
LF:10
LH:9
end_of_record
SF:lib\src\masks\iof_mask.dart
DA:25,0
DA:29,1
DA:34,2
DA:35,2
DA:37,3
DA:38,3
DA:40,4
LF:7
LH:6
end_of_record
SF:lib\src\masks\nup_mask.dart
DA:26,0
DA:30,1
DA:35,2
DA:36,2
DA:38,1
DA:39,3
DA:40,2
DA:41,2
DA:42,5
DA:43,2
DA:45,2
LF:11
LH:10
end_of_record
SF:lib\src\masks\cert_nascimento_mask.dart
DA:31,0
DA:38,1
DA:43,2
DA:44,2
DA:46,1
DA:47,3
DA:48,2
DA:49,2
DA:50,2
DA:52,2
LF:10
LH:9
end_of_record
SF:lib\src\validator\all_validations.dart
DA:11,0
DA:14,5
DA:15,10
DA:19,1
DA:22,1
DA:23,1
DA:27,2
DA:32,2
DA:35,2
DA:39,2
DA:42,1
DA:43,1
DA:47,2
DA:51,1
DA:52,1
DA:54,1
DA:55,1
DA:56,1
DA:57,1
DA:58,1
DA:59,1
DA:60,1
DA:61,1
DA:62,1
DA:63,1
DA:64,1
DA:65,1
DA:66,1
DA:67,1
DA:68,1
DA:69,1
DA:70,1
DA:71,1
DA:72,1
DA:76,1
DA:77,1
DA:79,1
DA:80,1
DA:81,1
DA:82,1
DA:83,1
DA:84,1
DA:85,1
DA:86,1
DA:90,0
DA:91,0
DA:93,0
DA:94,0
DA:95,0
DA:96,0
DA:97,0
DA:108,4
DA:112,8
DA:115,4
DA:117,4
DA:119,4
DA:124,11
DA:125,3
DA:129,8
DA:132,4
DA:133,4
DA:136,4
DA:137,4
DA:140,4
DA:144,3
DA:145,3
DA:147,3
DA:152,8
DA:153,2
DA:157,6
DA:160,3
DA:161,3
DA:164,3
DA:165,6
DA:168,3
DA:171,4
DA:172,4
DA:176,2
DA:247,2
DA:251,1
DA:252,1
DA:254,1
DA:257,1
DA:260,1
DA:261,1
DA:262,1
DA:263,1
DA:264,1
DA:265,1
DA:266,1
DA:267,1
DA:270,3
DA:271,5
DA:277,0
DA:280,2
DA:284,2
DA:288,0
DA:292,0
DA:295,0
DA:296,0
DA:299,0
DA:304,0
DA:305,0
DA:308,2
DA:311,2
DA:314,2
DA:317,7
DA:318,7
DA:320,7
DA:323,14
DA:325,14
DA:329,14
DA:333,21
DA:337,42
DA:338,28
DA:340,7
DA:341,14
DA:343,14
DA:349,42
DA:350,28
DA:352,7
DA:353,14
DA:355,14
DA:369,8
DA:372,11
DA:373,11
DA:375,11
DA:379,22
DA:381,22
DA:385,22
DA:390,33
DA:394,44
DA:395,44
DA:397,11
DA:399,21
DA:402,22
DA:408,44
DA:409,44
DA:411,11
DA:413,21
DA:416,22
DA:424,1
DA:425,1
DA:426,1
DA:430,1
DA:431,2
DA:435,1
DA:436,2
DA:440,4
DA:441,8
DA:442,8
DA:446,1
DA:447,2
DA:448,2
DA:449,1
DA:450,1
DA:451,1
DA:452,1
DA:460,2
DA:461,2
DA:464,2
DA:466,2
DA:469,4
DA:471,4
DA:474,2
DA:478,8
DA:479,4
DA:481,2
DA:482,3
DA:484,2
DA:488,4
DA:492,2
DA:497,2
DA:498,2
DA:500,2
DA:502,2
DA:504,2
DA:511,1
DA:514,2
DA:516,4
DA:520,0
DA:522,0
DA:535,4
DA:536,4
DA:542,3
DA:543,3
DA:546,1
DA:547,1
DA:550,0
DA:551,0
DA:555,0
DA:556,0
DA:560,0
DA:561,0
DA:565,0
DA:566,0
DA:570,0
DA:571,0
DA:574,2
DA:577,4
DA:581,1
DA:582,1
DA:583,2
DA:585,3
DA:586,6
DA:593,2
DA:594,2
DA:595,2
DA:596,4
DA:600,1
DA:601,1
DA:602,1
DA:606,1
DA:607,4
DA:611,3
DA:614,2
DA:615,2
DA:616,2
DA:618,3
DA:622,3
DA:624,2
DA:628,1
DA:629,1
DA:633,1
DA:634,1
DA:636,1
DA:637,2
DA:638,1
DA:639,1
DA:640,3
DA:641,0
DA:642,0
DA:645,1
DA:646,1
DA:649,0
DA:653,2
DA:661,3
DA:662,6
DA:663,6
DA:665,6
DA:668,6
DA:670,9
DA:675,6
DA:676,12
DA:678,3
DA:679,3
DA:684,6
DA:688,6
DA:689,12
DA:691,3
DA:692,3
DA:693,0
DA:695,3
DA:698,6
DA:702,3
DA:703,6
DA:704,6
DA:706,12
DA:709,3
DA:711,6
DA:713,9
DA:717,6
DA:718,12
DA:721,3
DA:722,6
DA:724,6
DA:728,3
DA:729,3
DA:731,3
DA:734,6
DA:736,6
DA:738,6
DA:741,9
DA:744,6
DA:745,12
DA:748,3
DA:749,6
DA:751,6
DA:755,3
DA:756,6
DA:757,6
DA:759,6
DA:761,6
DA:763,6
DA:766,4
DA:767,4
DA:772,4
DA:773,8
DA:775,2
DA:776,3
DA:777,1
DA:779,1
DA:782,4
DA:787,4
DA:788,10
DA:790,2
DA:791,3
DA:792,1
DA:794,1
DA:797,4
DA:816,1
DA:821,2
DA:822,1
DA:823,1
DA:824,2
DA:830,1
DA:835,2
DA:836,1
DA:837,1
DA:838,2
DA:842,1
DA:847,1
DA:848,3
DA:849,2
DA:855,1
DA:860,2
DA:861,1
DA:862,1
DA:863,2
DA:867,1
DA:872,1
DA:873,1
DA:874,2
DA:878,0
DA:883,0
DA:884,0
DA:885,0
DA:891,0
DA:896,0
DA:897,0
DA:898,0
DA:899,0
DA:903,0
DA:908,0
DA:909,0
DA:910,0
DA:911,0
DA:915,0
DA:920,0
DA:921,0
DA:922,0
DA:923,0
DA:927,0
DA:932,0
DA:933,0
DA:934,0
DA:935,0
DA:939,1
DA:944,1
DA:945,1
DA:946,2
DA:950,0
DA:955,0
DA:956,0
DA:957,0
DA:961,0
DA:966,0
DA:967,0
DA:968,0
DA:972,0
DA:977,0
DA:978,0
DA:979,0
DA:986,1
DA:992,1
DA:993,1
DA:994,2
DA:998,0
DA:1003,0
DA:1004,0
DA:1005,0
DA:1019,1
DA:1025,4
DA:1027,2
DA:1028,2
DA:1029,1
DA:1031,2
DA:1033,1
DA:1036,1
DA:1037,0
DA:1040,1
DA:1041,1
LF:382
LH:309
end_of_record
SF:lib\src\notifications\notifiable.dart
DA:7,12
DA:9,6
DA:10,12
DA:13,5
DA:14,5
DA:15,10
DA:16,0
DA:17,0
DA:18,0
DA:19,0
DA:21,0
DA:22,0
DA:24,0
DA:25,0
DA:26,0
DA:27,0
DA:28,0
DA:35,0
DA:36,0
DA:37,0
DA:39,0
DA:40,0
DA:45,3
DA:46,2
DA:60,1
DA:61,2
DA:62,3
DA:70,5
DA:73,0
DA:74,0
DA:75,0
DA:76,0
DA:80,0
DA:81,0
LF:34
LH:12
end_of_record
SF:lib\src\validator\contract.dart
DA:6,2
DA:9,0
DA:10,0
DA:11,0
DA:12,0
DA:19,5
DA:20,10
DA:23,0
DA:24,0
DA:29,0
DA:31,0
DA:32,0
DA:33,0
DA:34,0
DA:42,0
DA:44,0
DA:45,0
DA:46,0
DA:47,0
DA:54,0
DA:56,0
DA:57,0
DA:58,0
DA:64,0
DA:65,0
DA:66,0
DA:71,0
DA:72,0
DA:77,0
DA:80,0
DA:81,0
DA:82,0
DA:83,0
LF:33
LH:3
end_of_record
SF:lib\src\validator\contract_validations.dart
DA:6,3
DA:8,1
DA:9,1
DA:14,1
DA:17,1
DA:18,0
DA:25,1
DA:27,1
DA:28,1
DA:29,1
DA:35,2
DA:36,2
DA:37,2
DA:38,2
DA:43,2
DA:45,2
DA:46,1
DA:47,1
DA:48,1
DA:53,2
DA:57,2
DA:58,2
DA:59,2
DA:64,2
DA:65,2
DA:67,2
DA:68,2
DA:69,2
DA:74,1
DA:76,3
DA:77,3
DA:78,1
DA:79,1
DA:80,1
DA:85,1
DA:87,1
DA:88,1
DA:89,1
DA:94,1
DA:96,1
DA:97,1
DA:98,1
DA:103,1
DA:105,1
DA:106,1
DA:107,1
DA:112,1
DA:114,1
DA:115,1
DA:116,1
DA:121,3
DA:122,3
DA:125,1
DA:127,2
DA:131,0
DA:132,0
DA:133,0
DA:134,0
DA:139,0
DA:140,0
DA:141,0
DA:148,1
DA:150,2
DA:154,0
DA:155,0
DA:156,0
DA:157,0
DA:162,0
DA:163,0
DA:164,0
DA:171,1
DA:173,2
DA:177,0
DA:178,0
DA:179,0
DA:180,0
DA:185,0
DA:186,0
DA:187,0
DA:194,1
DA:196,2
DA:200,0
DA:201,0
DA:202,0
DA:203,0
DA:208,0
DA:209,0
DA:210,0
DA:217,1
DA:219,2
DA:223,2
DA:224,1
DA:225,1
DA:226,1
DA:231,0
DA:232,0
DA:233,0
DA:240,1
DA:242,2
DA:246,2
DA:247,1
DA:248,1
DA:249,1
DA:254,0
DA:255,0
DA:256,0
DA:263,1
DA:265,1
DA:266,1
DA:270,0
DA:271,0
DA:272,0
DA:274,0
DA:275,0
DA:280,0
DA:281,0
DA:282,0
DA:288,1
DA:293,3
DA:294,3
DA:297,1
DA:298,1
DA:303,1
DA:306,1
DA:307,1
DA:313,1
DA:315,1
DA:316,1
DA:317,1
DA:323,1
DA:325,1
DA:326,1
DA:327,1
DA:333,2
DA:335,6
DA:336,2
DA:337,2
DA:343,1
DA:345,3
DA:346,1
DA:347,1
DA:353,1
DA:355,3
DA:356,1
DA:357,1
DA:363,1
DA:365,1
DA:366,1
DA:367,1
DA:373,1
DA:375,1
DA:376,1
DA:377,1
DA:378,1
DA:384,1
DA:386,3
DA:387,0
DA:388,0
DA:394,1
DA:396,3
DA:397,1
DA:398,1
DA:404,1
DA:406,3
DA:407,1
DA:408,1
DA:415,3
DA:416,3
DA:417,3
DA:418,3
DA:424,4
DA:425,4
DA:426,2
DA:427,2
DA:433,3
DA:435,3
DA:436,2
DA:437,2
DA:453,1
DA:455,2
DA:456,3
DA:461,1
DA:462,2
DA:463,3
DA:472,1
DA:475,4
DA:476,2
LF:187
LH:142
end_of_record
SF:lib\src\helper_utils\helper_util.dart
DA:9,1
DA:11,1
DA:12,2
DA:17,4
DA:18,1
DA:25,0
DA:26,0
DA:27,0
DA:31,0
DA:32,0
DA:34,0
DA:38,0
DA:39,0
DA:43,0
DA:47,0
DA:48,0
DA:49,0
DA:52,0
DA:56,1
DA:57,1
DA:58,3
DA:59,1
DA:63,1
DA:64,1
DA:65,2
DA:71,2
DA:74,2
DA:86,1
DA:87,2
DA:89,2
DA:90,2
DA:94,1
DA:97,2
DA:103,1
DA:106,1
DA:109,1
DA:123,1
DA:124,1
DA:126,1
DA:127,2
DA:128,3
DA:131,1
DA:133,5
DA:136,1
DA:137,1
DA:138,1
DA:139,2
DA:141,5
DA:142,2
DA:145,1
DA:146,1
DA:147,2
DA:148,3
DA:156,1
DA:157,1
DA:158,3
DA:159,3
DA:160,6
DA:161,1
DA:163,1
DA:169,1
DA:171,1
DA:173,1
DA:177,1
DA:178,1
DA:179,2
DA:180,2
DA:181,2
DA:182,1
DA:183,1
DA:184,2
DA:185,2
DA:186,2
DA:191,2
DA:192,1
DA:196,1
DA:197,6
DA:209,1
DA:215,1
DA:216,1
DA:217,0
DA:218,0
DA:219,0
DA:221,1
DA:222,1
DA:223,2
DA:224,6
DA:227,1
DA:228,1
DA:230,3
DA:233,1
DA:234,0
DA:235,0
DA:236,0
DA:239,1
DA:240,0
DA:241,0
DA:242,0
DA:244,1
DA:245,0
DA:246,0
DA:247,0
DA:249,1
DA:250,2
DA:258,1
DA:259,1
DA:260,4
DA:263,1
DA:264,2
DA:265,2
DA:269,1
DA:270,1
DA:271,3
DA:272,3
DA:273,3
DA:274,0
DA:280,1
DA:281,1
DA:282,1
DA:289,0
DA:295,0
DA:298,0
DA:301,0
DA:303,0
DA:304,0
DA:305,0
DA:307,0
DA:311,0
DA:315,1
DA:316,2
DA:320,1
DA:323,1
DA:324,5
DA:325,1
DA:329,1
DA:331,1
DA:332,3
DA:333,3
DA:334,1
DA:335,1
DA:339,1
DA:342,2
DA:343,2
DA:344,2
DA:345,1
DA:347,1
DA:353,1
DA:354,2
DA:355,2
DA:356,0
DA:364,1
DA:366,3
DA:367,1
DA:372,1
DA:375,1
DA:378,1
DA:382,1
DA:384,1
DA:385,2
DA:387,1
DA:388,1
DA:391,3
DA:392,1
DA:396,1
DA:398,1
DA:402,2
DA:403,2
DA:404,1
DA:408,2
DA:412,1
DA:413,1
DA:419,1
DA:422,2
DA:426,1
DA:427,1
DA:428,3
DA:431,4
DA:432,4
DA:434,1
DA:438,1
DA:439,1
DA:440,1
DA:441,2
DA:444,4
DA:445,4
DA:447,1
DA:451,1
DA:452,1
DA:453,1
DA:454,2
DA:457,4
DA:458,4
DA:460,1
DA:464,1
DA:465,1
DA:466,1
DA:467,6
DA:471,1
DA:472,3
DA:473,2
DA:474,2
DA:475,2
DA:476,2
DA:480,1
DA:481,5
DA:485,1
DA:486,4
DA:487,4
DA:491,1
DA:492,5
DA:493,4
LF:211
LH:175
end_of_record
SF:lib\src\crypt\crypt_util.dart
DA:79,0
DA:90,1
DA:96,2
DA:101,1
DA:102,2
DA:109,1
DA:115,1
DA:116,0
DA:117,1
DA:118,2
DA:120,1
DA:126,1
DA:127,1
DA:128,1
DA:129,1
DA:130,1
DA:131,1
DA:139,1
DA:145,2
DA:151,1
DA:152,2
DA:168,0
DA:174,0
DA:175,0
DA:176,0
DA:177,0
DA:178,0
DA:183,0
DA:184,0
DA:185,0
DA:186,0
DA:187,0
DA:188,0
DA:201,0
DA:206,0
DA:207,0
DA:208,0
DA:209,0
DA:214,0
DA:215,0
DA:216,0
DA:217,0
DA:218,0
DA:231,0
DA:236,0
DA:237,0
DA:238,0
DA:239,0
DA:242,0
DA:243,0
DA:244,0
DA:245,0
DA:246,0
DA:263,0
DA:264,0
DA:265,0
DA:266,0
DA:267,0
DA:268,0
DA:269,0
DA:270,0
DA:271,0
DA:272,0
DA:283,2
DA:286,0
DA:291,2
DA:296,0
DA:302,1
DA:303,1
DA:304,4
LF:70
LH:24
end_of_record
SF:lib\src\br_zod\br_zod.dart
DA:47,14
DA:55,21
DA:57,8
DA:62,8
DA:63,16
DA:74,8
DA:75,16
DA:76,8
DA:78,7
DA:87,16
DA:88,24
DA:97,10
DA:98,10
DA:102,4
DA:103,8
DA:107,2
DA:108,4
DA:112,8
DA:113,14
DA:117,2
DA:118,4
DA:122,2
DA:123,4
DA:132,2
DA:133,4
DA:141,3
DA:145,9
DA:150,4
DA:151,8
DA:155,4
DA:156,8
DA:160,4
DA:161,8
DA:167,8
DA:168,16
DA:172,6
DA:173,12
DA:179,6
DA:180,8
DA:184,2
DA:185,2
DA:189,6
DA:190,12
DA:194,4
DA:195,8
DA:199,4
DA:200,8
DA:204,6
DA:205,10
DA:209,4
DA:210,8
DA:214,4
DA:215,8
DA:219,4
DA:220,8
DA:224,4
DA:225,8
DA:245,1
DA:248,2
DA:249,3
DA:252,2
DA:253,10
DA:256,2
DA:257,10
DA:260,1
DA:261,5
DA:264,1
DA:265,3
DA:272,1
DA:273,5
DA:286,2
DA:290,2
DA:291,2
DA:292,2
DA:298,2
DA:299,2
DA:315,2
DA:322,4
DA:323,3
DA:325,2
DA:326,4
DA:328,2
DA:329,4
DA:331,1
DA:337,1
DA:339,1
DA:341,1
DA:345,4
DA:347,1
DA:350,1
DA:351,1
DA:358,2
LF:92
LH:92
end_of_record
SF:lib\src\br_zod\locale\locale_pt_br.dart
DA:5,4
DA:8,4
DA:11,3
DA:14,1
DA:17,1
DA:20,0
DA:23,0
DA:26,2
DA:29,1
DA:32,2
DA:33,2
DA:35,1
DA:36,1
DA:38,2
DA:39,4
DA:41,2
DA:42,4
DA:45,1
DA:49,2
DA:52,2
DA:55,1
DA:58,0
DA:61,1
DA:65,4
DA:68,3
DA:71,1
DA:74,0
DA:77,3
DA:80,2
DA:83,2
DA:86,2
DA:89,2
DA:92,2
DA:95,2
DA:98,2
DA:102,2
DA:103,16
LF:37
LH:33
end_of_record
SF:lib\src\br_zod\models\br_zod_result.dart
DA:7,2
DA:15,2
DA:21,0
DA:22,0
LF:4
LH:2
end_of_record
SF:lib\src\br_zod\validations\br.dart
DA:14,4
DA:15,4
DA:16,4
DA:18,4
DA:21,8
DA:22,8
DA:23,8
DA:25,12
DA:28,8
DA:29,16
DA:31,16
DA:32,8
DA:35,8
DA:36,16
DA:38,16
DA:39,8
DA:45,3
DA:46,3
DA:47,3
DA:49,3
DA:52,6
DA:53,6
DA:54,6
DA:56,9
DA:60,18
DA:61,12
DA:63,12
DA:64,6
DA:68,18
DA:69,12
DA:71,12
DA:72,6
DA:82,12
DA:85,3
DA:96,3
DA:97,3
DA:98,6
DA:107,3
DA:108,3
DA:111,3
DA:114,3
DA:121,2
DA:122,4
DA:123,2
DA:124,2
DA:125,4
DA:132,3
DA:133,3
DA:134,6
DA:136,6
DA:137,6
DA:139,9
DA:144,6
DA:145,12
DA:147,3
DA:148,3
DA:152,6
DA:156,6
DA:157,12
DA:160,3
DA:161,0
DA:163,9
DA:165,6
DA:171,3
DA:172,3
DA:173,6
DA:175,12
DA:177,3
DA:178,6
DA:180,9
DA:184,6
DA:185,12
DA:187,12
DA:188,6
DA:194,3
DA:195,3
DA:196,3
DA:198,3
DA:201,6
DA:202,6
DA:203,6
DA:206,9
DA:209,6
DA:210,12
DA:212,12
DA:213,6
DA:219,3
DA:220,3
DA:221,6
DA:223,6
DA:224,6
DA:226,9
DA:228,6
DA:229,6
DA:234,6
DA:235,12
DA:237,3
DA:238,4
DA:239,2
DA:241,1
DA:243,6
DA:248,6
DA:249,15
DA:251,3
DA:252,4
DA:253,2
DA:255,1
DA:257,6
DA:267,2
DA:268,2
DA:269,4
DA:272,4
DA:273,4
DA:277,4
DA:278,10
DA:280,4
LF:116
LH:115
end_of_record
SF:lib\src\br_zod\validations\generic.dart
DA:11,8
DA:13,24
DA:18,5
DA:20,12
DA:25,2
DA:26,2
DA:27,4
DA:31,1
DA:32,1
DA:33,2
DA:37,4
DA:38,4
DA:39,4
DA:44,2
DA:45,2
DA:46,2
DA:49,2
DA:51,4
DA:52,2
DA:53,2
DA:54,2
DA:55,2
DA:56,2
DA:57,2
DA:58,4
DA:59,6
DA:60,2
DA:61,4
DA:62,6
DA:69,1
DA:70,3
DA:74,1
DA:75,2
DA:76,1
DA:77,1
DA:78,2
DA:80,1
DA:81,1
DA:82,0
DA:84,1
DA:85,1
DA:86,2
DA:87,2
DA:89,0
DA:95,2
DA:96,2
DA:100,2
DA:101,2
DA:102,1
DA:106,2
DA:107,2
DA:108,1
DA:113,2
DA:114,4
DA:115,2
DA:117,4
DA:119,2
DA:120,2
DA:121,2
DA:122,1
DA:123,1
DA:126,2
DA:128,2
DA:131,4
DA:132,4
DA:133,4
DA:134,2
DA:136,4
DA:137,4
DA:138,4
DA:139,6
DA:141,2
DA:142,0
DA:144,0
DA:146,0
DA:147,0
DA:152,2
DA:155,2
DA:156,4
DA:157,2
DA:158,2
DA:161,2
DA:173,4
DA:176,2
DA:177,12
LF:85
LH:79
end_of_record
SF:lib\src\br_zod\validations\security.dart
DA:19,4
DA:51,1
DA:53,1
DA:54,3
DA:55,3
DA:56,3
DA:57,3
DA:58,1
DA:59,2
DA:69,2
DA:71,4
DA:73,2
DA:74,2
DA:76,2
DA:78,2
DA:80,2
DA:84,4
DA:90,2
DA:91,2
DA:92,2
DA:98,1
DA:99,1
DA:100,1
DA:101,2
DA:102,2
DA:103,1
DA:104,4
DA:111,1
DA:112,1
DA:114,2
DA:115,1
DA:133,1
DA:139,1
DA:140,1
DA:141,2
LF:35
LH:35
end_of_record
SF:lib\src\helpers\constants.dart
DA:2,0
LF:1
LH:0
end_of_record
SF:lib\src\validator\internal\email_validator.dart
DA:5,8
DA:6,8
DA:7,16
DA:9,8
DA:10,8
DA:11,8
DA:14,8
DA:16,8
DA:17,16
DA:18,24
DA:20,8
DA:23,8
DA:24,32
LF:13
LH:13
end_of_record
SF:lib\src\validator\internal\url_validator.dart
DA:4,3
DA:5,9
DA:7,3
DA:8,9
DA:10,9
LF:5
LH:5
end_of_record
SF:lib\src\crypt\algorithms\chacha20.dart
DA:14,1
DA:15,3
DA:16,3
DA:18,1
DA:21,1
DA:22,1
DA:23,1
DA:24,1
DA:27,1
DA:28,2
DA:29,4
DA:33,1
DA:36,1
DA:37,2
DA:38,4
DA:42,1
DA:45,2
DA:47,1
DA:48,1
DA:49,1
DA:50,1
DA:52,1
DA:53,1
DA:54,1
DA:55,1
DA:59,1
DA:60,1
DA:61,2
DA:62,4
DA:63,2
DA:70,1
DA:71,5
DA:72,3
DA:73,6
DA:75,5
DA:76,3
DA:77,6
DA:79,5
DA:80,3
DA:81,6
DA:83,5
DA:84,3
DA:85,6
DA:91,1
DA:97,1
DA:99,3
DA:101,2
DA:103,2
DA:104,2
DA:105,1
DA:106,3
DA:108,2
DA:109,5
DA:121,1
DA:122,1
DA:123,1
DA:130,1
DA:131,1
DA:133,1
DA:134,1
DA:135,3
DA:138,1
DA:139,1
DA:140,3
DA:144,3
DA:145,3
DA:147,1
DA:155,1
DA:156,1
DA:157,4
DA:161,1
DA:162,1
DA:163,2
DA:170,1
DA:171,3
DA:173,3
DA:174,4
DA:176,1
LF:78
LH:78
end_of_record
SF:lib\src\crypt\algorithms\poly1305_mac.dart
DA:11,6
DA:14,4
DA:29,1
DA:30,1
DA:31,4
DA:32,2
DA:37,1
DA:38,1
DA:39,0
DA:43,1
DA:46,2
DA:47,3
DA:48,5
DA:49,2
DA:51,2
DA:52,2
DA:53,1
DA:56,1
DA:57,1
DA:61,1
DA:62,3
DA:63,1
DA:64,1
DA:68,1
DA:69,2
DA:70,1
DA:77,1
DA:78,1
DA:79,0
DA:83,2
DA:84,0
DA:87,6
DA:88,1
DA:90,2
DA:97,1
DA:98,1
DA:101,2
DA:102,2
DA:104,0
DA:107,9
DA:111,1
DA:112,2
DA:113,2
DA:114,2
DA:115,2
DA:116,2
DA:117,2
DA:118,2
DA:123,1
DA:124,1
DA:125,3
DA:126,5
DA:132,1
DA:133,1
DA:135,2
DA:136,4
DA:137,1
LF:57
LH:53
end_of_record
SF:lib\src\crypt\algorithms\chacha20_poly1305.dart
DA:26,1
DA:35,1
DA:36,1
DA:38,3
DA:39,3
DA:40,2
DA:42,1
DA:44,1
DA:45,1
DA:47,1
DA:48,1
DA:56,1
DA:57,1
DA:59,3
DA:60,0
DA:63,3
DA:64,3
DA:66,2
DA:71,4
DA:74,1
DA:75,3
DA:76,1
DA:78,3
DA:79,1
LF:24
LH:23
end_of_record
SF:lib\src\crypt\algorithms\hmac_sha256.dart
DA:26,1
DA:29,2
DA:31,1
DA:37,1
DA:38,3
DA:39,2
DA:43,1
DA:44,1
DA:45,2
DA:46,3
DA:47,3
DA:51,4
DA:52,1
DA:53,2
DA:55,1
DA:57,4
DA:58,1
DA:59,2
DA:61,1
DA:67,1
DA:68,3
DA:70,3
DA:71,4
DA:73,1
LF:24
LH:24
end_of_record
SF:lib\src\crypt\algorithms\sha256.dart
DA:47,6
DA:59,1
DA:62,2
DA:65,2
DA:68,3
DA:69,1
DA:73,2
DA:74,4
DA:78,1
DA:81,2
DA:82,1
DA:84,2
DA:85,1
DA:88,2
DA:89,7
DA:90,7
DA:91,7
DA:92,5
DA:95,2
DA:96,4
DA:97,4
DA:98,3
DA:99,4
DA:100,4
DA:101,3
DA:102,9
DA:106,1
DA:107,1
DA:108,1
DA:109,1
DA:110,1
DA:111,1
DA:112,1
DA:113,1
DA:116,2
DA:117,5
DA:118,5
DA:119,7
DA:120,5
DA:121,5
DA:122,2
DA:127,2
DA:131,2
DA:135,4
DA:136,4
DA:137,4
DA:138,4
DA:139,4
DA:140,4
DA:141,4
DA:142,4
DA:146,1
DA:147,1
DA:148,2
DA:149,3
LF:55
LH:55
end_of_record
SF:lib\src\extensions\bool_extension.dart
DA:23,2
DA:28,2
LF:2
LH:2
end_of_record
SF:lib\src\extensions\string_extension.dart
DA:26,2
DA:31,2
DA:36,3
DA:41,2
DA:57,1
DA:58,2
DA:59,2
LF:7
LH:7
end_of_record
SF:lib\src\extensions\list_extension.dart
DA:21,2
DA:24,2
LF:2
LH:2
end_of_record
SF:lib\src\models\month.dart
DA:2,3
DA:17,2
LF:2
LH:2
end_of_record
SF:lib\src\models\week.dart
DA:10,0
DA:18,0
DA:26,0
DA:53,0
DA:63,0
DA:73,2
LF:6
LH:1
end_of_record
SF:lib\src\models\validation_error.dart
DA:16,2
DA:21,0
DA:23,0
DA:25,0
DA:27,0
DA:28,0
DA:29,0
DA:31,0
DA:32,0
LF:9
LH:1
end_of_record
SF:lib\src\result\result.dart
DA:32,4
DA:42,8
DA:50,8
DA:57,1
DA:58,2
DA:61,1
DA:66,2
DA:77,1
DA:82,2
DA:84,2
DA:96,1
DA:101,1
DA:102,1
DA:103,2
DA:125,1
DA:130,2
DA:132,2
DA:144,1
DA:149,1
DA:150,1
DA:151,2
DA:158,8
DA:161,8
DA:166,6
DA:167,2
DA:169,3
DA:175,6
DA:176,3
DA:177,2
DA:229,8
DA:232,3
DA:235,7
DA:245,1
DA:246,2
DA:251,1
DA:252,2
DA:263,1
DA:264,5
DA:268,1
DA:269,1
DA:270,4
DA:271,4
DA:274,0
DA:275,0
DA:276,0
DA:277,0
DA:287,4
DA:289,3
DA:291,6
DA:293,1
DA:294,2
DA:296,1
DA:298,3
DA:300,2
DA:302,4
DA:304,0
DA:305,0
DA:307,1
DA:312,3
DA:314,1
DA:315,2
DA:317,1
DA:318,2
DA:325,4
DA:327,3
DA:329,6
DA:331,2
DA:332,6
DA:334,1
DA:335,2
DA:337,2
DA:338,4
DA:340,0
DA:342,0
DA:344,1
DA:349,3
DA:351,1
DA:352,2
DA:354,1
DA:355,2
LF:80
LH:72
end_of_record
SF:lib\src\result\future_result.dart
DA:21,0
DA:24,0
DA:27,1
DA:28,3
DA:31,0
DA:32,0
DA:35,1
DA:37,3
DA:40,0
DA:42,0
DA:45,1
DA:49,3
DA:52,0
DA:56,0
DA:59,0
DA:62,1
DA:63,3
DA:66,1
DA:67,3
DA:70,1
DA:71,3
DA:74,4
DA:77,0
DA:80,4
DA:86,1
DA:87,1
DA:88,2
DA:89,3
DA:94,0
DA:96,0
DA:97,0
DA:98,0
DA:103,1
DA:105,1
DA:106,2
DA:107,2
DA:112,0
DA:114,0
DA:115,0
DA:116,0
DA:121,1
DA:125,1
DA:126,3
DA:127,3
DA:132,0
DA:136,0
DA:137,0
DA:138,0
DA:143,1
DA:144,1
DA:145,3
DA:146,2
DA:151,1
DA:152,3
DA:157,1
DA:159,3
LF:56
LH:34
end_of_record
SF:lib\src\logger\br_log_filter.dart
DA:15,1
DA:30,1
DA:34,0
DA:38,0
DA:50,1
DA:52,1
DA:53,5
DA:58,1
DA:60,1
DA:66,1
DA:68,1
LF:11
LH:9
end_of_record
SF:lib\src\logger\br_log_level.dart
DA:34,1
DA:36,1
DA:38,1
DA:40,1
DA:42,1
DA:44,1
DA:46,1
DA:52,1
DA:54,1
DA:56,1
DA:58,1
DA:60,1
DA:62,1
DA:64,1
LF:14
LH:14
end_of_record
SF:lib\src\logger\br_log_output.dart
DA:10,1
DA:13,1
DA:19,0
DA:29,1
DA:31,0
DA:33,0
DA:35,0
DA:47,0
DA:49,0
DA:51,0
DA:52,0
DA:54,0
DA:55,0
DA:56,0
DA:57,0
DA:58,0
DA:64,0
DA:66,0
DA:68,0
DA:70,0
DA:72,0
DA:74,0
DA:76,0
DA:99,1
DA:102,3
DA:105,0
DA:107,1
DA:109,4
DA:110,2
DA:111,2
DA:113,2
DA:114,3
DA:118,1
DA:119,2
DA:120,2
DA:137,1
DA:139,1
DA:141,2
DA:142,1
DA:146,1
DA:148,2
DA:149,1
DA:153,0
DA:155,0
DA:156,0
LF:45
LH:21
end_of_record
SF:lib\src\logger\br_log_printer.dart
DA:9,1
DA:27,1
DA:32,1
DA:34,1
DA:36,1
DA:37,3
DA:38,1
DA:41,5
DA:43,3
DA:44,3
DA:47,3
DA:49,2
DA:51,1
DA:52,3
DA:55,1
DA:56,3
DA:62,5
DA:63,3
DA:64,3
DA:65,3
DA:66,3
DA:67,3
DA:68,3
DA:97,1
DA:104,1
DA:106,1
DA:107,1
DA:109,1
DA:112,1
DA:113,5
DA:115,3
DA:116,2
DA:119,4
DA:120,5
DA:121,2
DA:124,3
DA:125,2
DA:126,2
DA:130,1
DA:131,0
DA:132,0
DA:136,1
DA:137,4
DA:138,2
DA:139,0
DA:140,3
DA:141,2
DA:142,2
DA:143,3
DA:145,2
DA:147,0
DA:152,2
DA:157,5
DA:158,3
DA:159,3
DA:160,3
LF:56
LH:52
end_of_record
SF:lib\src\logger\br_log_record.dart
DA:27,1
DA:36,0
DA:38,0
LF:3
LH:1
end_of_record
SF:lib\src\logger\br_logger.dart
DA:40,1
DA:48,2
DA:54,1
DA:59,1
DA:62,1
DA:67,1
DA:70,1
DA:75,1
DA:78,1
DA:83,1
DA:86,1
DA:91,1
DA:94,1
DA:99,1
DA:103,1
DA:109,1
DA:112,1
DA:113,1
DA:118,2
DA:120,2
DA:121,2
DA:125,0
LF:22
LH:21
end_of_record
